<?xml version="1.0" encoding="UTF-8"?>
<!-- Generated by org.testng.reporters.JUnitReportReporter -->
<testsuite hostname="MBP-Dmitrij" failures="0" tests="1" name="testng.HomePageTest" time="20.885" errors="0" timestamp="2018-12-02T13:09:30 MSK" skipped="0">
  <testcase classname="testng.HomePageTest" name="testH1Existing" time="20.885"/>
</testsuite> <!-- testng.HomePageTest -->
